# JRE version: OpenJDK Runtime Environment (8.0_212-b04) (build 1.8.0_212-release-1586-b04)
# Java VM: OpenJDK 64-Bit Server VM (25.212-b04 mixed mode windows-amd64 compressed oops)
Heap:
 PSYoungGen      total 145408K, used 59856K [0x00000000e0000000, 0x00000000ed080000, 0x0000000100000000)
  eden space 115200K, 25% used [0x00000000e0000000,0x00000000e1cfb198,0x00000000e7080000)
  from space 30208K, 99% used [0x00000000e7080000,0x00000000e8df90a0,0x00000000e8e00000)
  to   space 38912K, 0% used [0x00000000eaa80000,0x00000000eaa80000,0x00000000ed080000)
 ParOldGen       total 159232K, used 55690K [0x00000000a0000000, 0x00000000a9b80000, 0x00000000e0000000)
  object space 159232K, 34% used [0x00000000a0000000,0x00000000a3662b08,0x00000000a9b80000)
 Metaspace       used 86990K, capacity 93016K, committed 93096K, reserved 1128448K
  class space    used 11806K, capacity 13155K, committed 13224K, reserved 1048576K
GC Heap History (10 events):
Event: 26.235 GC heap before
{Heap before GC invocations=20 (full 3):
 PSYoungGen      total 113152K, used 91648K [0x00000000e0000000, 0x00000000e8d80000, 0x0000000100000000)
  eden space 91648K, 100% used [0x00000000e0000000,0x00000000e5980000,0x00000000e5980000)
  from space 21504K, 0% used [0x00000000e6f80000,0x00000000e6f80000,0x00000000e8480000)
  to   space 22528K, 0% used [0x00000000e5980000,0x00000000e5980000,0x00000000e6f80000)
 ParOldGen       total 159232K, used 41808K [0x00000000a0000000, 0x00000000a9b80000, 0x00000000e0000000)
  object space 159232K, 26% used [0x00000000a0000000,0x00000000a28d4090,0x00000000a9b80000)
 Metaspace       used 60162K, capacity 63928K, committed 64168K, reserved 1103872K
  class space    used 8349K, capacity 9283K, committed 9384K, reserved 1048576K
Event: 26.248 GC heap after
Heap after GC invocations=20 (full 3):
 PSYoungGen      total 114176K, used 9403K [0x00000000e0000000, 0x00000000e9300000, 0x0000000100000000)
  eden space 91648K, 0% used [0x00000000e0000000,0x00000000e0000000,0x00000000e5980000)
  from space 22528K, 41% used [0x00000000e5980000,0x00000000e62aee78,0x00000000e6f80000)
  to   space 21504K, 0% used [0x00000000e7e00000,0x00000000e7e00000,0x00000000e9300000)
 ParOldGen       total 159232K, used 41816K [0x00000000a0000000, 0x00000000a9b80000, 0x00000000e0000000)
  object space 159232K, 26% used [0x00000000a0000000,0x00000000a28d6090,0x00000000a9b80000)
 Metaspace       used 60162K, capacity 63928K, committed 64168K, reserved 1103872K
  class space    used 8349K, capacity 9283K, committed 9384K, reserved 1048576K
}
Event: 46.791 GC heap before
{Heap before GC invocations=21 (full 3):
 PSYoungGen      total 114176K, used 101051K [0x00000000e0000000, 0x00000000e9300000, 0x0000000100000000)
  eden space 91648K, 100% used [0x00000000e0000000,0x00000000e5980000,0x00000000e5980000)
  from space 22528K, 41% used [0x00000000e5980000,0x00000000e62aee78,0x00000000e6f80000)
  to   space 21504K, 0% used [0x00000000e7e00000,0x00000000e7e00000,0x00000000e9300000)
 ParOldGen       total 159232K, used 41816K [0x00000000a0000000, 0x00000000a9b80000, 0x00000000e0000000)
  object space 159232K, 26% used [0x00000000a0000000,0x00000000a28d6090,0x00000000a9b80000)
 Metaspace       used 66266K, capacity 70178K, committed 70312K, reserved 1110016K
  class space    used 9105K, capacity 10102K, committed 10152K, reserved 1048576K
Event: 46.811 GC heap after
Heap after GC invocations=21 (full 3):
 PSYoungGen      total 126976K, used 16239K [0x00000000e0000000, 0x00000000e9300000, 0x0000000100000000)
  eden space 105472K, 0% used [0x00000000e0000000,0x00000000e0000000,0x00000000e6700000)
  from space 21504K, 75% used [0x00000000e7e00000,0x00000000e8ddbfd0,0x00000000e9300000)
  to   space 22528K, 0% used [0x00000000e6700000,0x00000000e6700000,0x00000000e7d00000)
 ParOldGen       total 159232K, used 41824K [0x00000000a0000000, 0x00000000a9b80000, 0x00000000e0000000)
  object space 159232K, 26% used [0x00000000a0000000,0x00000000a28d8090,0x00000000a9b80000)
 Metaspace       used 66266K, capacity 70178K, committed 70312K, reserved 1110016K
  class space    used 9105K, capacity 10102K, committed 10152K, reserved 1048576K
}
Event: 49.846 GC heap before
{Heap before GC invocations=22 (full 3):
 PSYoungGen      total 126976K, used 121711K [0x00000000e0000000, 0x00000000e9300000, 0x0000000100000000)
  eden space 105472K, 100% used [0x00000000e0000000,0x00000000e6700000,0x00000000e6700000)
  from space 21504K, 75% used [0x00000000e7e00000,0x00000000e8ddbfd0,0x00000000e9300000)
  to   space 22528K, 0% used [0x00000000e6700000,0x00000000e6700000,0x00000000e7d00000)
 ParOldGen       total 159232K, used 41824K [0x00000000a0000000, 0x00000000a9b80000, 0x00000000e0000000)
  object space 159232K, 26% used [0x00000000a0000000,0x00000000a28d8090,0x00000000a9b80000)
 Metaspace       used 76598K, capacity 81478K, committed 81704K, reserved 1120256K
  class space    used 10667K, capacity 11784K, committed 11816K, reserved 1048576K
Event: 49.862 GC heap after
Heap after GC invocations=22 (full 3):
 PSYoungGen      total 128000K, used 22513K [0x00000000e0000000, 0x00000000ea700000, 0x0000000100000000)
  eden space 105472K, 0% used [0x00000000e0000000,0x00000000e0000000,0x00000000e6700000)
  from space 22528K, 99% used [0x00000000e6700000,0x00000000e7cfc6a8,0x00000000e7d00000)
  to   space 25600K, 0% used [0x00000000e8e00000,0x00000000e8e00000,0x00000000ea700000)
 ParOldGen       total 159232K, used 41932K [0x00000000a0000000, 0x00000000a9b80000, 0x00000000e0000000)
  object space 159232K, 26% used [0x00000000a0000000,0x00000000a28f32d0,0x00000000a9b80000)
 Metaspace       used 76598K, capacity 81478K, committed 81704K, reserved 1120256K
  class space    used 10667K, capacity 11784K, committed 11816K, reserved 1048576K
}
Event: 51.551 GC heap before
{Heap before GC invocations=23 (full 3):
 PSYoungGen      total 128000K, used 127985K [0x00000000e0000000, 0x00000000ea700000, 0x0000000100000000)
  eden space 105472K, 100% used [0x00000000e0000000,0x00000000e6700000,0x00000000e6700000)
  from space 22528K, 99% used [0x00000000e6700000,0x00000000e7cfc6a8,0x00000000e7d00000)
  to   space 25600K, 0% used [0x00000000e8e00000,0x00000000e8e00000,0x00000000ea700000)
 ParOldGen       total 159232K, used 41932K [0x00000000a0000000, 0x00000000a9b80000, 0x00000000e0000000)
  object space 159232K, 26% used [0x00000000a0000000,0x00000000a28f32d0,0x00000000a9b80000)
 Metaspace       used 82569K, capacity 88096K, committed 88232K, reserved 1124352K
  class space    used 11447K, capacity 12687K, committed 12712K, reserved 1048576K
Event: 51.635 GC heap after
Heap after GC invocations=23 (full 3):
 PSYoungGen      total 140800K, used 25585K [0x00000000e0000000, 0x00000000eb700000, 0x0000000100000000)
  eden space 115200K, 0% used [0x00000000e0000000,0x00000000e0000000,0x00000000e7080000)
  from space 25600K, 99% used [0x00000000e8e00000,0x00000000ea6fc5a8,0x00000000ea700000)
  to   space 30208K, 0% used [0x00000000e7080000,0x00000000e7080000,0x00000000e8e00000)
 ParOldGen       total 159232K, used 44108K [0x00000000a0000000, 0x00000000a9b80000, 0x00000000e0000000)
  object space 159232K, 27% used [0x00000000a0000000,0x00000000a2b13248,0x00000000a9b80000)
 Metaspace       used 82569K, capacity 88096K, committed 88232K, reserved 1124352K
  class space    used 11447K, capacity 12687K, committed 12712K, reserved 1048576K
}
Event: 88.553 GC heap before
{Heap before GC invocations=24 (full 3):
 PSYoungGen      total 140800K, used 140785K [0x00000000e0000000, 0x00000000eb700000, 0x0000000100000000)
  eden space 115200K, 100% used [0x00000000e0000000,0x00000000e7080000,0x00000000e7080000)
  from space 25600K, 99% used [0x00000000e8e00000,0x00000000ea6fc5a8,0x00000000ea700000)
  to   space 30208K, 0% used [0x00000000e7080000,0x00000000e7080000,0x00000000e8e00000)
 ParOldGen       total 159232K, used 44108K [0x00000000a0000000, 0x00000000a9b80000, 0x00000000e0000000)
  object space 159232K, 27% used [0x00000000a0000000,0x00000000a2b13248,0x00000000a9b80000)
 Metaspace       used 85849K, capacity 91846K, committed 91944K, reserved 1128448K
  class space    used 11701K, capacity 13036K, committed 13096K, reserved 1048576K
Event: 88.614 GC heap after
Heap after GC invocations=24 (full 3):
 PSYoungGen      total 145408K, used 30180K [0x00000000e0000000, 0x00000000ed080000, 0x0000000100000000)
  eden space 115200K, 0% used [0x00000000e0000000,0x00000000e0000000,0x00000000e7080000)
  from space 30208K, 99% used [0x00000000e7080000,0x00000000e8df90a0,0x00000000e8e00000)
  to   space 38912K, 0% used [0x00000000eaa80000,0x00000000eaa80000,0x00000000ed080000)
 ParOldGen       total 159232K, used 55690K [0x00000000a0000000, 0x00000000a9b80000, 0x00000000e0000000)
  object space 159232K, 34% used [0x00000000a0000000,0x00000000a3662b08,0x00000000a9b80000)
 Metaspace       used 85849K, capacity 91846K, committed 91944K, reserved 1128448K
  class space    used 11701K, capacity 13036K, committed 13096K, reserved 1048576K
}

